#-----------------------------------------------------------
# Vivado v2024.2 (64-bit)
# SW Build 5239630 on Fri Nov 08 22:35:27 MST 2024
# IP Build 5239520 on Sun Nov 10 16:12:51 MST 2024
# SharedData Build 5239561 on Fri Nov 08 14:39:27 MST 2024
# Start of session at: Sun Jul 20 12:11:56 2025
# Process ID         : 10528
# Current directory  : C:/Vivado_projects/Vivado/ram_rom
# Command line       : vivado.exe -gui_launcher_event rodinguilauncherevent27336 C:\Vivado_projects\Vivado\ram_rom\ram_rom.xpr
# Log file           : C:/Vivado_projects/Vivado/ram_rom/vivado.log
# Journal file       : C:/Vivado_projects/Vivado/ram_rom\vivado.jou
# Running On         : Jyotsna
# Platform           : Windows Server 2016 or Windows 10
# Operating System   : 26100
# Processor Detail   : 12th Gen Intel(R) Core(TM) i5-12450H
# CPU Frequency      : 2496 MHz
# CPU Physical cores : 8
# CPU Logical cores  : 12
# Host memory        : 16802 MB
# Swap memory        : 1073 MB
# Total Virtual      : 17876 MB
# Available Virtual  : 4524 MB
#-----------------------------------------------------------
start_gui
open_project C:/Vivado_projects/Vivado/ram_rom/ram_rom.xpr
INFO: [filemgmt 56-3] Default IP Output Path : Could not find the directory 'C:/Vivado_projects/Vivado/ram_rom/ram_rom.gen/sources_1'.
Scanning sources...
Finished scanning sources
INFO: [IP_Flow 19-234] Refreshing IP repositories
INFO: [IP_Flow 19-1704] No user IP repositories specified
INFO: [IP_Flow 19-2313] Loaded Vivado IP repository 'C:/Vivado/Vivado/2024.2/data/ip'.
update_compile_order -fileset sources_1
exit
INFO: [Common 17-206] Exiting Vivado at Sun Jul 20 12:13:23 2025...
